<?xml version="1.0" encoding="UTF-8"?>
<!-- Generated by org.testng.reporters.JUnitReportReporter -->
<testsuite hostname="CTLINDT-0028" name="com.nv.scripts.homepage.HomePageValidation" tests="1" failures="0" timestamp="21 Mar 2017 11:45:53 GMT" time="165.140" errors="0">
  <testcase name="nv_SignUpValidation" time="165.140" classname="com.nv.scripts.homepage.HomePageValidation"/>
</testsuite> <!-- com.nv.scripts.homepage.HomePageValidation -->
