<?xml version="1.0" encoding="UTF-8"?>
<!-- Generated by org.testng.reporters.JUnitReportReporter -->
<testsuite hostname="CTLINDT-0028" name="com.nv.scripts.homepage.ValidateCheckOut" tests="1" failures="0" timestamp="21 Mar 2017 11:45:53 GMT" time="215.990" errors="0">
  <testcase name="checkOutValidation" time="215.990" classname="com.nv.scripts.homepage.ValidateCheckOut"/>
</testsuite> <!-- com.nv.scripts.homepage.ValidateCheckOut -->
